<?xml version="1.0" encoding="UTF-8"?>
<!-- Generated by org.testng.reporters.JUnitReportReporter -->
<testsuite hostname="LAPTOP-OHJTUH5R" failures="0" tests="4" name="com.medicare.Test.LoginPageTest" time="6.483" errors="0" timestamp="2023-12-23T11:07:02 IST" skipped="0">
  <testcase classname="com.medicare.Test.LoginPageTest" name="test_login" time="6.205"/>
  <system-out/>
  <testcase classname="com.medicare.Test.LoginPageTest" name="test_getTitle_page" time="0.042"/>
  <system-out/>
  <testcase classname="com.medicare.Test.LoginPageTest" name="Test_validate_registration_Text" time="0.057"/>
  <system-out/>
  <testcase classname="com.medicare.Test.LoginPageTest" name="test_click_cart" time="0.179"/>
  <system-out/>
</testsuite> <!-- com.medicare.Test.LoginPageTest -->
