<?xml version="1.0" encoding="UTF-8"?>
<!-- Generated by org.testng.reporters.JUnitReportReporter -->
<testsuite hostname="LAPTOP-OHJTUH5R" failures="0" tests="5" name="com.app.medicare.testing.TestMedicare" time="30.576" errors="0" timestamp="2023-12-23T11:10:03 IST" skipped="0">
  <testcase classname="com.app.medicare.testing.TestMedicare" name="Registration_Page" time="9.660"/>
  <system-out/>
  <testcase classname="com.app.medicare.testing.TestMedicare" name="AddToCart_Page" time="10.367"/>
  <system-out/>
  <testcase classname="com.app.medicare.testing.TestMedicare" name="PlaceOrder_Page" time="3.423"/>
  <system-out/>
  <testcase classname="com.app.medicare.testing.TestMedicare" name="SearchProduct_Page" time="0.983"/>
  <system-out/>
  <testcase classname="com.app.medicare.testing.TestMedicare" name="Filter_Page" time="6.143"/>
  <system-out/>
</testsuite> <!-- com.app.medicare.testing.TestMedicare -->
