<?xml version="1.0" encoding="UTF-8"?>
<!-- Generated by org.testng.reporters.JUnitReportReporter -->
<testsuite hostname="LAPTOP-OHJTUH5R" failures="0" tests="5" name="com.medicare.Test.RegisterPageTest" time="7.764" errors="0" timestamp="2023-12-23T11:04:46 IST" skipped="0">
  <testcase classname="com.medicare.Test.RegisterPageTest" name="test_click_register_link" time="1.703"/>
  <system-out/>
  <testcase classname="com.medicare.Test.RegisterPageTest" name="test_getTitle_page" time="0.038"/>
  <system-out/>
  <testcase classname="com.medicare.Test.RegisterPageTest" name="Test_register_user" time="5.940"/>
  <system-out/>
  <testcase classname="com.medicare.Test.RegisterPageTest" name="Test_validate_registration_URL" time="0.037"/>
  <system-out/>
  <testcase classname="com.medicare.Test.RegisterPageTest" name="Test_validate_registration_Text" time="0.046"/>
  <system-out/>
</testsuite> <!-- com.medicare.Test.RegisterPageTest -->
