<?xml version="1.0" encoding="UTF-8"?>
<!-- Generated by org.testng.reporters.JUnitReportReporter -->
<testsuite hostname="LAPTOP-OHJTUH5R" failures="0" tests="1" name="in.redbus.testpages.AccountPageTest" time="12.243" errors="0" timestamp="2023-11-19T22:09:32 IST" skipped="0">
  <testcase classname="in.redbus.testpages.AccountPageTest" name="clickOnSignUpPage" time="12.243"/>
  <system-out/>
</testsuite> <!-- in.redbus.testpages.AccountPageTest -->
