<?xml version="1.0" encoding="UTF-8"?>
<!-- Generated by org.testng.reporters.JUnitReportReporter -->
<testsuite hostname="LAPTOP-OHJTUH5R" failures="0" tests="2" name="in.redbus.testpages.NavigateTest" time="12.939" errors="0" timestamp="2023-11-19T22:09:32 IST" skipped="0">
  <testcase classname="in.redbus.testpages.NavigateTest" name="clickOnAccount" time="4.121"/>
  <system-out/>
  <testcase classname="in.redbus.testpages.NavigateTest" name="clickOncabrental" time="8.818"/>
  <system-out/>
</testsuite> <!-- in.redbus.testpages.NavigateTest -->
