<?xml version="1.0" encoding="UTF-8"?>
<!-- Generated by org.testng.reporters.JUnitReportReporter -->
<testsuite hostname="LAPTOP-OHJTUH5R" failures="0" tests="1" name="in.redbus.testpages.BookBusTicketTest" time="5.711" errors="0" timestamp="2023-11-19T22:09:32 IST" skipped="0">
  <testcase classname="in.redbus.testpages.BookBusTicketTest" name="SearchBus" time="5.711"/>
  <system-out/>
</testsuite> <!-- in.redbus.testpages.BookBusTicketTest -->
