<?xml version="1.0" encoding="UTF-8"?>
<!-- Generated by org.testng.reporters.JUnitReportReporter -->
<testsuite hostname="LAPTOP-OHJTUH5R" failures="0" tests="6" name="medicarecapstone.in.GetMedicine" time="6.395" errors="0" timestamp="2023-12-23T11:25:35 IST" skipped="0">
  <testcase classname="medicarecapstone.in.GetMedicine" name="add_Product" time="6.115"/>
  <system-out/>
  <testcase classname="medicarecapstone.in.GetMedicine" name="update_ProductName" time="0.078"/>
  <system-out/>
  <testcase classname="medicarecapstone.in.GetMedicine" name="update_ProductStatus" time="0.062"/>
  <system-out/>
  <testcase classname="medicarecapstone.in.GetMedicine" name="deleteProduct" time="0.065"/>
  <system-out/>
  <testcase classname="medicarecapstone.in.GetMedicine" name="get_all_products" time="0.050"/>
  <system-out/>
  <testcase classname="medicarecapstone.in.GetMedicine" name="get_all_registered_users" time="0.025"/>
  <system-out/>
</testsuite> <!-- medicarecapstone.in.GetMedicine -->
