<?xml version="1.0" encoding="UTF-8"?>
<!-- Generated by org.testng.reporters.JUnitReportReporter -->
<testsuite hostname="LAPTOP-OHJTUH5R" failures="0" tests="1" name="steps.Medicare_StepDef" time="5.019" errors="0" timestamp="2023-12-22T11:04:33 IST" skipped="0">
  <testcase classname="steps.Medicare_StepDef" name="user_executes_http_delete_method" time="5.019"/>
  <system-out/>
</testsuite> <!-- steps.Medicare_StepDef -->
