<?xml version="1.0" encoding="UTF-8"?>
<!-- Generated by org.testng.reporters.JUnitReportReporter -->
<testsuite hostname="LAPTOP-OHJTUH5R" failures="0" tests="1" name="com.app.ecommerce.Test.ECommerceApp" time="0.906" errors="0" timestamp="2023-11-20T15:10:59 IST" skipped="0">
  <testcase classname="com.app.ecommerce.Test.ECommerceApp" name="testCheckStockAvailability" time="0.906"/>
  <system-out/>
</testsuite> <!-- com.app.ecommerce.Test.ECommerceApp -->
